This is pdfTeX, Version 3.14159265-2.6-1.40.19 (MiKTeX 2.9.6630 64-bit) (preloaded format=pdflatex 2018.5.10)  5 OCT 2019 14:03
entering extended mode
**./8010ps2full.tex
(8010ps2full.tex
LaTeX2e <2017-04-15>
Babel <3.18> and hyphenation patterns for 75 language(s) loaded.

("C:\Users\Ian Davis\AppData\Local\Programs\MiKTeX 2.9_redo\tex/latex\base\arti
cle.cls"
Document Class: article 2018/09/03 v1.4i Standard LaTeX document class

("C:\Users\Ian Davis\AppData\Local\Programs\MiKTeX 2.9_redo\tex/latex\base\size
11.clo"
File: size11.clo 2018/09/03 v1.4i Standard LaTeX file (size option)
)
\c@part=\count79
\c@section=\count80
\c@subsection=\count81
\c@subsubsection=\count82
\c@paragraph=\count83
\c@subparagraph=\count84
\c@figure=\count85
\c@table=\count86
\abovecaptionskip=\skip41
\belowcaptionskip=\skip42
\bibindent=\dimen102
)
("C:\Users\Ian Davis\AppData\Local\Programs\MiKTeX 2.9_redo\tex/latex\amsmath\a
msmath.sty"
Package: amsmath 2018/12/01 v2.17b AMS math features
\@mathmargin=\skip43

For additional information on amsmath, use the `?' option.

("C:\Users\Ian Davis\AppData\Local\Programs\MiKTeX 2.9_redo\tex/latex\amsmath\a
mstext.sty"
Package: amstext 2000/06/29 v2.01 AMS text

("C:\Users\Ian Davis\AppData\Local\Programs\MiKTeX 2.9_redo\tex/latex\amsmath\a
msgen.sty"
File: amsgen.sty 1999/11/30 v2.0 generic functions
\@emptytoks=\toks14
\ex@=\dimen103
))
("C:\Users\Ian Davis\AppData\Local\Programs\MiKTeX 2.9_redo\tex/latex\amsmath\a
msbsy.sty"
Package: amsbsy 1999/11/29 v1.2d Bold Symbols
\pmbraise@=\dimen104
)
("C:\Users\Ian Davis\AppData\Local\Programs\MiKTeX 2.9_redo\tex/latex\amsmath\a
msopn.sty"
Package: amsopn 2016/03/08 v2.02 operator names
)
\inf@bad=\count87
LaTeX Info: Redefining \frac on input line 223.
\uproot@=\count88
\leftroot@=\count89
LaTeX Info: Redefining \overline on input line 385.
\classnum@=\count90
\DOTSCASE@=\count91
LaTeX Info: Redefining \ldots on input line 482.
LaTeX Info: Redefining \dots on input line 485.
LaTeX Info: Redefining \cdots on input line 606.
\Mathstrutbox@=\box26
\strutbox@=\box27
\big@size=\dimen105
LaTeX Font Info:    Redeclaring font encoding OML on input line 729.
LaTeX Font Info:    Redeclaring font encoding OMS on input line 730.
\macc@depth=\count92
\c@MaxMatrixCols=\count93
\dotsspace@=\muskip10
\c@parentequation=\count94
\dspbrk@lvl=\count95
\tag@help=\toks15
\row@=\count96
\column@=\count97
\maxfields@=\count98
\andhelp@=\toks16
\eqnshift@=\dimen106
\alignsep@=\dimen107
\tagshift@=\dimen108
\tagwidth@=\dimen109
\totwidth@=\dimen110
\lineht@=\dimen111
\@envbody=\toks17
\multlinegap=\skip44
\multlinetaggap=\skip45
\mathdisplay@stack=\toks18
LaTeX Info: Redefining \[ on input line 2844.
LaTeX Info: Redefining \] on input line 2845.
)
("C:\Users\Ian Davis\AppData\Local\Programs\MiKTeX 2.9_redo\tex/latex\amsfonts\
amssymb.sty"
Package: amssymb 2013/01/14 v3.01 AMS font symbols

("C:\Users\Ian Davis\AppData\Local\Programs\MiKTeX 2.9_redo\tex/latex\amsfonts\
amsfonts.sty"
Package: amsfonts 2013/01/14 v3.01 Basic AMSFonts support
\symAMSa=\mathgroup4
\symAMSb=\mathgroup5
LaTeX Font Info:    Overwriting math alphabet `\mathfrak' in version `bold'
(Font)                  U/euf/m/n --> U/euf/b/n on input line 106.
))
("C:\Users\Ian Davis\AppData\Local\Programs\MiKTeX 2.9_redo\tex/latex\oberdiek\
centernot.sty"
Package: centernot 2016/05/16 v1.4 Centers the not symbol horizontally (HO)
) (8010ps2full.aux)
\openout1 = `8010ps2full.aux'.

LaTeX Font Info:    Checking defaults for OML/cmm/m/it on input line 5.
LaTeX Font Info:    ... okay on input line 5.
LaTeX Font Info:    Checking defaults for T1/cmr/m/n on input line 5.
LaTeX Font Info:    ... okay on input line 5.
LaTeX Font Info:    Checking defaults for OT1/cmr/m/n on input line 5.
LaTeX Font Info:    ... okay on input line 5.
LaTeX Font Info:    Checking defaults for OMS/cmsy/m/n on input line 5.
LaTeX Font Info:    ... okay on input line 5.
LaTeX Font Info:    Checking defaults for OMX/cmex/m/n on input line 5.
LaTeX Font Info:    ... okay on input line 5.
LaTeX Font Info:    Checking defaults for U/cmr/m/n on input line 5.
LaTeX Font Info:    ... okay on input line 5.
LaTeX Font Info:    Try loading font information for U+msa on input line 14.

("C:\Users\Ian Davis\AppData\Local\Programs\MiKTeX 2.9_redo\tex/latex\amsfonts\
umsa.fd"
File: umsa.fd 2013/01/14 v3.01 AMS symbols A
)
LaTeX Font Info:    Try loading font information for U+msb on input line 14.

("C:\Users\Ian Davis\AppData\Local\Programs\MiKTeX 2.9_redo\tex/latex\amsfonts\
umsb.fd"
File: umsb.fd 2013/01/14 v3.01 AMS symbols B
)
Underfull \hbox (badness 10000) in paragraph at lines 14--118

 []


Underfull \hbox (badness 10000) in paragraph at lines 14--118

 []


Underfull \hbox (badness 10000) in paragraph at lines 14--118

 []


Underfull \hbox (badness 10000) in paragraph at lines 14--118

 []


Underfull \hbox (badness 10000) in paragraph at lines 14--118

 []


Underfull \hbox (badness 10000) in paragraph at lines 14--118

 []


Underfull \hbox (badness 10000) in paragraph at lines 14--118

 []


Underfull \hbox (badness 10000) in paragraph at lines 14--118

 []


Underfull \hbox (badness 10000) in paragraph at lines 14--118

 []


Underfull \hbox (badness 10000) in paragraph at lines 14--118

 []


Underfull \hbox (badness 10000) in paragraph at lines 14--118

 []


Underfull \hbox (badness 10000) in paragraph at lines 14--118

 []


Underfull \hbox (badness 10000) in paragraph at lines 14--118

 []


Underfull \hbox (badness 10000) in paragraph at lines 14--118

 []


Underfull \hbox (badness 10000) in paragraph at lines 14--118

 []


Underfull \hbox (badness 10000) in paragraph at lines 14--118

 []


Underfull \hbox (badness 10000) in paragraph at lines 14--118

 []


Underfull \hbox (badness 10000) in paragraph at lines 14--118

 []


Underfull \hbox (badness 10000) in paragraph at lines 14--118

 []

[1

{C:/Users/Ian Davis/AppData/Local/MiKTeX/2.9/pdftex/config/pdftex.map}]
[2] [3] [4] [5] (8010ps2full.aux) ) 
Here is how much of TeX's memory you used:
 1138 strings out of 493305
 13849 string characters out of 3128060
 88666 words of memory out of 3000000
 4724 multiletter control sequences out of 15000+200000
 9563 words of font info for 36 fonts, out of 3000000 for 9000
 1141 hyphenation exceptions out of 8191
 27i,8n,26p,783b,111s stack positions out of 5000i,500n,10000p,200000b,50000s
<C:/Users/Ian Davis/AppData/Local/Programs/M
iKTeX 2.9_redo/fonts/type1/public/amsfonts/cm/cmbx10.pfb><C:/Users/Ian Davis/Ap
pData/Local/Programs/MiKTeX 2.9_redo/fonts/type1/public/amsfonts/cm/cmmi10.pfb>
<C:/Users/Ian Davis/AppData/Local/Programs/MiKTeX 2.9_redo/fonts/type1/public/a
msfonts/cm/cmmi6.pfb><C:/Users/Ian Davis/AppData/Local/Programs/MiKTeX 2.9_redo
/fonts/type1/public/amsfonts/cm/cmmi8.pfb><C:/Users/Ian Davis/AppData/Local/Pro
grams/MiKTeX 2.9_redo/fonts/type1/public/amsfonts/cm/cmr10.pfb><C:/Users/Ian Da
vis/AppData/Local/Programs/MiKTeX 2.9_redo/fonts/type1/public/amsfonts/cm/cmr6.
pfb><C:/Users/Ian Davis/AppData/Local/Programs/MiKTeX 2.9_redo/fonts/type1/publ
ic/amsfonts/cm/cmr8.pfb><C:/Users/Ian Davis/AppData/Local/Programs/MiKTeX 2.9_r
edo/fonts/type1/public/amsfonts/cm/cmsy10.pfb><C:/Users/Ian Davis/AppData/Local
/Programs/MiKTeX 2.9_redo/fonts/type1/public/amsfonts/cm/cmsy6.pfb><C:/Users/Ia
n Davis/AppData/Local/Programs/MiKTeX 2.9_redo/fonts/type1/public/amsfonts/cm/c
msy8.pfb><C:/Users/Ian Davis/AppData/Local/Programs/MiKTeX 2.9_redo/fonts/type1
/public/amsfonts/cm/cmti10.pfb>
Output written on 8010ps2full.pdf (5 pages, 138520 bytes).
PDF statistics:
 62 PDF objects out of 1000 (max. 8388607)
 0 named destinations out of 1000 (max. 500000)
 1 words of extra memory for PDF output out of 10000 (max. 10000000)

